<?xml version="1.0" encoding="UTF-8"?>
<testsuite xmlns:xsi="http://www.w3.org/2001/XMLSchema-instance" xsi:noNamespaceSchemaLocation="https://maven.apache.org/surefire/maven-surefire-plugin/xsd/surefire-test-report-3.0.xsd" version="3.0" name="TestSuite" time="8.212" tests="1" errors="0" skipped="0" failures="1">
  <properties>
[...]
</properties>
  <testcase name="logInTest[{no=1, description=Qauser1, password=Testing123#1, sharpID=100000001, expectedMessage=Simplifica Hub}](1)" classname="com.atc.seleniumframework.tests.PositiveLoginTests" time="5.971">
    <failure message="no such element: Unable to locate element: {&quot;method&quot;:&quot;xpath&quot;,&quot;selector&quot;:&quot;//button[@id = &apos;dropdownMenuButton&apos;]&quot;}&#10;  (Session info: chrome=92.0.4515.131)&#10;For documentation on this error, please visit: https://www.seleniumhq.org/exceptions/no_such_element.html&#10;Build info: version: &apos;3.141.59&apos;, revision: &apos;e82be7d358&apos;, time: &apos;2018-11-14T08:17:03&apos;&#10;System info: host: &apos;station&apos;, ip: &apos;127.0.1.1&apos;, os.name: &apos;Linux&apos;, os.arch: &apos;amd64&apos;, os.version: &apos;4.19.0-17-amd64&apos;, java.version: &apos;1.8.0_292&apos;&#10;Driver info: org.openqa.selenium.chrome.ChromeDriver&#10;Capabilities {acceptInsecureCerts: false, browserName: chrome, browserVersion: 92.0.4515.131, chrome: {chromedriverVersion: 92.0.4515.107 (87a818b10553..., userDataDir: /tmp/.com.google.Chrome.96HRta}, goog:chromeOptions: {debuggerAddress: localhost:42031}, javascriptEnabled: true, networkConnectionEnabled: false, pageLoadStrategy: normal, platform: LINUX, platformName: LINUX, proxy: Proxy(), setWindowRect: true, strictFileInteractability: false, timeouts: {implicit: 0, pageLoad: 300000, script: 30000}, unhandledPromptBehavior: dismiss and notify, webauthn:extension:credBlob: true, webauthn:extension:largeBlob: true, webauthn:virtualAuthenticators: true}&#10;Session ID: cbaaa7004019567dfe1b696453187447&#10;*** Element info: {Using=xpath, value=//button[@id = &apos;dropdownMenuButton&apos;]}" type="org.openqa.selenium.NoSuchElementException"><![CDATA[org.openqa.selenium.NoSuchElementException: 
no such element: Unable to locate element: {"method":"xpath","selector":"//button[@id = 'dropdownMenuButton']"}
  (Session info: chrome=92.0.4515.131)
For documentation on this error, please visit: https://www.seleniumhq.org/exceptions/no_such_element.html
Build info: version: '3.141.59', revision: 'e82be7d358', time: '2018-11-14T08:17:03'
System info: host: 'station', ip: '127.0.1.1', os.name: 'Linux', os.arch: 'amd64', os.version: '4.19.0-17-amd64', java.version: '1.8.0_292'
Driver info: org.openqa.selenium.chrome.ChromeDriver
Capabilities {acceptInsecureCerts: false, browserName: chrome, browserVersion: 92.0.4515.131, chrome: {chromedriverVersion: 92.0.4515.107 (87a818b10553..., userDataDir: /tmp/.com.google.Chrome.96HRta}, goog:chromeOptions: {debuggerAddress: localhost:42031}, javascriptEnabled: true, networkConnectionEnabled: false, pageLoadStrategy: normal, platform: LINUX, platformName: LINUX, proxy: Proxy(), setWindowRect: true, strictFileInteractability: false, timeouts: {implicit: 0, pageLoad: 300000, script: 30000}, unhandledPromptBehavior: dismiss and notify, webauthn:extension:credBlob: true, webauthn:extension:largeBlob: true, webauthn:virtualAuthenticators: true}
Session ID: cbaaa7004019567dfe1b696453187447
*** Element info: {Using=xpath, value=//button[@id = 'dropdownMenuButton']}
	at com.atc.seleniumframework.tests.PositiveLoginTests.logInTest(PositiveLoginTests.java:47)
]]></failure>
    <system-out><![CDATA[...
... TestNG 7.4.0 by Cédric Beust (cedric@beust.com)
...

[TestNG-PoolService-0] 21:50:15,142 INFO  [PositiveLoginTest-CH] Factory crea driver: 1271696600
[TestNG-PoolService-0] 21:50:15,267 INFO  [PositiveLoginTest-CH] Starting Login Test
[TestNG-PoolService-0] 21:50:15,274 INFO  [PositiveLoginTest-CH] Welcome page recibe el driver#: 1271696600
[TestNG-PoolService-0] 21:50:17,319 INFO  [PositiveLoginTest-CH] Welcome abre url con driver#: 1271696600
[TestNG-PoolService-0] 21:50:17,906 INFO  [PositiveLoginTest-CH] Clicking sharpId buttondriver#: 1271696600
[TestNG-PoolService-0] 21:50:18,084 INFO  [PositiveLoginTest-CH] Executing login with sharpID [100000001] and password [Testing123#1]drive: 1271696600
[TestNG-PoolService-0] 21:50:20,721 INFO  [PositiveLoginTest-CH] Executing landing page: 1271696600
]]></system-out>
    <system-err><![CDATA[Starting ChromeDriver 92.0.4515.107 (87a818b10553a07434ea9e2b6dccf3cbe7895134-refs/branch-heads/4515@{#1634}) on port 25721
Only local connections are allowed.
Please see https://chromedriver.chromium.org/security-considerations for suggestions on keeping ChromeDriver safe.
ChromeDriver was started successfully.
Sep 21, 2021 9:50:15 PM org.openqa.selenium.remote.ProtocolHandshake createSession
INFO: Detected dialect: W3C
]]></system-err>
  </testcase>
</testsuite>