<?xml version="1.0" encoding="UTF-8"?>
<testsuite xmlns:xsi="http://www.w3.org/2001/XMLSchema-instance" xsi:noNamespaceSchemaLocation="https://maven.apache.org/surefire/maven-surefire-plugin/xsd/surefire-test-report-3.0.xsd" version="3.0" name="TestSuite" time="14.105" tests="4" errors="0" skipped="0" failures="0">
  <properties>
[...]
</properties>
  <testcase name="negativeLoginTest[{no=2, description=incorrect password, password=Testing123#4, sharpID=100000001, expectedMessage=Estas credenciales no coinciden con nuestros registros.}](1)" classname="com.tribu.qaselenium.tests.NegativeLoginTests" time="6.936">
    <system-out><![CDATA[[TestNG] [WARN] Ignoring duplicate listener : com.tribu.qaselenium.testframework.testbase.EmailableTestingReporter
*****loggerFactory-counter***** = 1
*****driverFactory-counter***** = 1
[TestNG-test=PositiveLoginTest-CH-1] [csvReader] 22:29:51,045 INFO  [logger csvReader] Se ejecuta csvReader()
[TestNG-PoolService-0] [setUp] 22:29:51,053 INFO  [PositiveLoginTest-CH] Se ejecuta setup() 
[TestNG-PoolService-1] [setUp] 22:29:51,057 INFO  [PositiveLoginTest-CH] Se ejecuta setup() 
[TestNG-PoolService-1] [createDriver] 22:29:53,403 INFO  [PositiveLoginTest-CH] 431619268 driverFactory crea driver
[TestNG-PoolService-0] [createDriver] 22:29:53,403 INFO  [PositiveLoginTest-CH] 590093889 driverFactory crea driver
[TestNG-PoolService-1] [createDriver] 22:29:53,403 INFO  [NegativeLoginTest-CH] 1943352204 driverFactory crea driver
[TestNG-PoolService-0] [createDriver] 22:29:53,407 INFO  [NegativeLoginTest-CH] 2084515342 driverFactory crea driver
[TestNG-PoolService-0] [logInTest] 22:29:53,534 INFO  [PositiveLoginTest-CH] Starting Login Test
[TestNG-PoolService-1] [negativeLoginTest] 22:29:53,534 INFO  [NegativeLoginTest-CH] Starting negativeLoginTest #2forincorrect password
[TestNG-PoolService-0] [negativeLoginTest] 22:29:53,536 INFO  [NegativeLoginTest-CH] Starting negativeLoginTest #1forincorrect sharpID
[TestNG-PoolService-1] [logInTest] 22:29:53,537 INFO  [PositiveLoginTest-CH] Starting Login Test
[TestNG-PoolService-1] [openUrl] 22:29:57,025 INFO  [NegativeLoginTest-CH] Open Url
[TestNG-PoolService-1] [loginBySharId] 22:29:57,025 INFO  [NegativeLoginTest-CH] 1943352204 Clicking sharpId button
[TestNG-PoolService-1] [negativelogin] 22:29:57,242 INFO  [NegativeLoginTest-CH] 1943352204 Executing negative login with sharpID [100000001] and password [Testing123#4]
[TestNG-PoolService-0] [openUrl] 22:29:58,001 INFO  [PositiveLoginTest-CH] Open Url
[TestNG-PoolService-0] [loginBySharId] 22:29:58,002 INFO  [PositiveLoginTest-CH] 590093889 Clicking sharpId button
[TestNG-PoolService-0] [login] 22:29:58,111 INFO  [PositiveLoginTest-CH] 590093889 Executing login with sharpID [100000001] and password [Testing123#$]
[TestNG-PoolService-0] [openUrl] 22:29:59,020 INFO  [NegativeLoginTest-CH] Open Url
[TestNG-PoolService-0] [loginBySharId] 22:29:59,021 INFO  [NegativeLoginTest-CH] 2084515342 Clicking sharpId button
[TestNG-PoolService-1] [openUrl] 22:29:59,030 INFO  [PositiveLoginTest-CH] Open Url
[TestNG-PoolService-1] [loginBySharId] 22:29:59,030 INFO  [PositiveLoginTest-CH] 431619268 Clicking sharpId button
[TestNG-PoolService-0] [negativelogin] 22:29:59,187 INFO  [NegativeLoginTest-CH] 2084515342 Executing negative login with sharpID [100000001] and password [Testing123y$]
[TestNG-PoolService-1] [login] 22:29:59,203 INFO  [PositiveLoginTest-CH] 431619268 Executing login with sharpID [100000002] and password [Testing123#$]
]]></system-out>
    <system-err><![CDATA[SLF4J: Failed to load class "org.slf4j.impl.StaticLoggerBinder".
SLF4J: Defaulting to no-operation (NOP) logger implementation
SLF4J: See http://www.slf4j.org/codes.html#StaticLoggerBinder for further details.
Starting ChromeDriver 94.0.4606.61 (418b78f5838ed0b1c69bb4e51ea0252171854915-refs/branch-heads/4606@{#1204}) on port 22425
Only local connections are allowed.
Please see https://chromedriver.chromium.org/security-considerations for suggestions on keeping ChromeDriver safe.
ChromeDriver was started successfully.Starting ChromeDriver 94.0.4606.61 (418b78f5838ed0b1c69bb4e51ea0252171854915-refs/branch-heads/4606@{#120
4}) on port 12578
Only local connections are allowed.
Please see https://chromedriver.chromium.org/securitSy-ctarting ChromeDriver 94o.0.n4s6i0d6.e6r1a t(i4o1n8sb 7f8ofr5 8s3u8gegde0bs1ct6i9bobn4es5 1eoan02 5k2e1e71p8i5n49g15 -Crehfrs/obmreanDcrhi-hveeards /s46a0f6@e{.#
12C0h4}r)o mone Dporritv e16r2 50w
aOsnl ys tloacralt ceondn ecstiuocncs earses aflulolweldy..

Please see https://chromedriver.chromium.org/security-considerations for suggestions oStarting ChromeDriver 94.0.4606.61 (418b78f5838n keeping ChromeDriver safe.
ChromeDriver was started successfully.
ed0b1c69bb4e51ea0252171854915-refs/branch-heads/4606@{#1204}) on port 18589
Only local connections are allowed.
Please see https://chromedriver.chromium.org/security-considerations for suggestions on keeping ChromeDriver safe.
ChromeDriver was started successfully.
Oct 24, 2021 10:29:53 PM org.openqa.selenium.remote.ProtocolHandshake createSession
INFO: Detected dialect: W3C
Oct 24, 2021 10:29:53 PM org.openqa.selenium.remote.ProtocolHandshake createSession
INFO: Detected dialect: W3C
Oct 24, 2021 10:29:53 PM org.openqa.selenium.remote.ProtocolHandshake createSession
INFO: Detected dialect: W3C
Oct 24, 2021 10:29:53 PM org.openqa.selenium.remote.ProtocolHandshake createSession
INFO: Detected dialect: W3C
]]></system-err>
  </testcase>
  <testcase name="negativeLoginTest[{no=1, description=incorrect sharpID, password=Testing123y$, sharpID=100000001, expectedMessage=Estas credenciales no coinciden con nuestros registros.}](2)" classname="com.tribu.qaselenium.tests.NegativeLoginTests" time="9.357"/>
  <testcase name="logInTest[{no=1, description=Qauser1, password=Testing123#$, sharpID=100000001, expectedMessage=Simplifica Hub}](1)" classname="com.tribu.qaselenium.tests.PositiveLoginTests" time="8.078"/>
  <testcase name="logInTest[{no=2, description=Qauser2, password=Testing123#$, sharpID=100000002, expectedMessage=Simplifica Hub}](2)" classname="com.tribu.qaselenium.tests.PositiveLoginTests" time="9.985"/>
</testsuite>