<?xml version="1.0" encoding="UTF-8"?>
<testsuite xmlns:xsi="http://www.w3.org/2001/XMLSchema-instance" xsi:noNamespaceSchemaLocation="https://maven.apache.org/surefire/maven-surefire-plugin/xsd/surefire-test-report-3.0.xsd" version="3.0" name="TestSuite" time="73.945" tests="1" errors="0" skipped="0" failures="0">
  <properties>
[...]
</properties>
  <testcase name="clearCacheDrupal[public void com.tribu.qaselenium.tests.apimazaprendo.MAClearCacheTests.clearCacheDrupal(java.lang.reflect.Method,org.testng.ITestContext), org.testng.TestRunner@611f8234](1)" classname="com.tribu.qaselenium.tests.apimazaprendo.MAClearCacheTests" time="68.762">
    <system-out><![CDATA[...
... TestNG 7.4.0 by Cédric Beust (cedric@beust.com)
...

*****driverFactory-counter***** = 1
*****loggerFactory-counter***** = 1
[main] [apiClearCache] 19:38:06,680 INFO  [setUp] * clearCacheDrupal *
[main] [apiClearCache] 19:38:08,580 INFO  [setUp] drive recien creado = 688593710
[main] [apiClearCache] 19:38:08,815 INFO  [openUrl] opening url : https://mazaprendo-stage.somosmaz.com/
[main] [apiClearCache] 19:38:19,409 INFO  [login] login
]]></system-out>
    <system-err><![CDATA[SLF4J: Failed to load class "org.slf4j.impl.StaticLoggerBinder".
SLF4J: Defaulting to no-operation (NOP) logger implementation
SLF4J: See http://www.slf4j.org/codes.html#StaticLoggerBinder for further details.
Starting ChromeDriver 99.0.4844.51 (d537ec02474b5afe23684e7963d538896c63ac77-refs/branch-heads/4844@{#875}) on port 5827
Only local connections are allowed.
Please see https://chromedriver.chromium.org/security-considerations for suggestions on keeping ChromeDriver safe.
ChromeDriver was started successfully.
Mar 25, 2022 7:38:08 PM org.openqa.selenium.remote.ProtocolHandshake createSession
INFO: Detected dialect: W3C
]]></system-err>
  </testcase>
</testsuite>